# JRE version: Java(TM) SE Runtime Environment (17.0.12+8) (build 17.0.12+8-LTS-286)
# Java VM: Java HotSpot(TM) 64-Bit Server VM (17.0.12+8-LTS-286, mixed mode, sharing, tiered, compressed oops, compressed class ptrs, g1 gc, windows-amd64)
GC Precious Log:
 CPUs: 8 total, 8 available
 Memory: 16242M
 Large Page Support: Disabled
 NUMA Support: Disabled
 Compressed Oops: Enabled (Zero based)
 Heap Region Size: 2M
 Heap Min Capacity: 8M
 Heap Initial Capacity: 254M
 Heap Max Capacity: 4062M
 Pre-touch: Disabled
 Parallel Workers: 8
 Concurrent Workers: 2
 Concurrent Refinement Workers: 8
 Periodic GC: Disabled
Heap:
 garbage-first heap   total 61440K, used 21330K [0x0000000702200000, 0x0000000800000000)
  region size 2048K, 1 young (2048K), 1 survivors (2048K)
 Metaspace       used 37957K, committed 38400K, reserved 1114112K
  class space    used 4748K, committed 4928K, reserved 1048576K
GC Heap History (19 events):
Event: 0.630 GC heap before
{Heap before GC invocations=0 (full 0):
 garbage-first heap   total 260096K, used 20480K [0x0000000702200000, 0x0000000800000000)
  region size 2048K, 11 young (22528K), 0 survivors (0K)
 Metaspace       used 5822K, committed 5952K, reserved 1114112K
  class space    used 647K, committed 704K, reserved 1048576K
}
Event: 0.636 GC heap after
{Heap after GC invocations=1 (full 0):
 garbage-first heap   total 260096K, used 9041K [0x0000000702200000, 0x0000000800000000)
  region size 2048K, 2 young (4096K), 2 survivors (4096K)
 Metaspace       used 5822K, committed 5952K, reserved 1114112K
  class space    used 647K, committed 704K, reserved 1048576K
}
Event: 1.030 GC heap before
{Heap before GC invocations=1 (full 0):
 garbage-first heap   total 260096K, used 27473K [0x0000000702200000, 0x0000000800000000)
  region size 2048K, 12 young (24576K), 2 survivors (4096K)
 Metaspace       used 10677K, committed 10880K, reserved 1114112K
  class space    used 1214K, committed 1280K, reserved 1048576K
}
Event: 1.034 GC heap after
{Heap after GC invocations=2 (full 0):
 garbage-first heap   total 260096K, used 10409K [0x0000000702200000, 0x0000000800000000)
  region size 2048K, 1 young (2048K), 1 survivors (2048K)
 Metaspace       used 10677K, committed 10880K, reserved 1114112K
  class space    used 1214K, committed 1280K, reserved 1048576K
}
Event: 2.433 GC heap before
{Heap before GC invocations=2 (full 0):
 garbage-first heap   total 260096K, used 51369K [0x0000000702200000, 0x0000000800000000)
  region size 2048K, 22 young (45056K), 1 survivors (2048K)
 Metaspace       used 21239K, committed 21504K, reserved 1114112K
  class space    used 2576K, committed 2688K, reserved 1048576K
}
Event: 2.439 GC heap after
{Heap after GC invocations=3 (full 0):
 garbage-first heap   total 260096K, used 14555K [0x0000000702200000, 0x0000000800000000)
  region size 2048K, 3 young (6144K), 3 survivors (6144K)
 Metaspace       used 21239K, committed 21504K, reserved 1114112K
  class space    used 2576K, committed 2688K, reserved 1048576K
}
Event: 3.784 GC heap before
{Heap before GC invocations=4 (full 0):
 garbage-first heap   total 61440K, used 41179K [0x0000000702200000, 0x0000000800000000)
  region size 2048K, 17 young (34816K), 3 survivors (6144K)
 Metaspace       used 28597K, committed 28992K, reserved 1114112K
  class space    used 3587K, committed 3776K, reserved 1048576K
}
Event: 3.790 GC heap after
{Heap after GC invocations=5 (full 0):
 garbage-first heap   total 61440K, used 16585K [0x0000000702200000, 0x0000000800000000)
  region size 2048K, 2 young (4096K), 2 survivors (4096K)
 Metaspace       used 28597K, committed 28992K, reserved 1114112K
  class space    used 3587K, committed 3776K, reserved 1048576K
}
Event: 3.845 GC heap before
{Heap before GC invocations=5 (full 0):
 garbage-first heap   total 61440K, used 18633K [0x0000000702200000, 0x0000000800000000)
  region size 2048K, 3 young (6144K), 2 survivors (4096K)
 Metaspace       used 29387K, committed 29760K, reserved 1114112K
  class space    used 3669K, committed 3840K, reserved 1048576K
}
Event: 3.847 GC heap after
{Heap after GC invocations=6 (full 0):
 garbage-first heap   total 61440K, used 16753K [0x0000000702200000, 0x0000000800000000)
  region size 2048K, 1 young (2048K), 1 survivors (2048K)
 Metaspace       used 29387K, committed 29760K, reserved 1114112K
  class space    used 3669K, committed 3840K, reserved 1048576K
}
Event: 6.163 GC heap before
{Heap before GC invocations=6 (full 0):
 garbage-first heap   total 61440K, used 39281K [0x0000000702200000, 0x0000000800000000)
  region size 2048K, 12 young (24576K), 1 survivors (2048K)
 Metaspace       used 33576K, committed 33984K, reserved 1114112K
  class space    used 4224K, committed 4416K, reserved 1048576K
}
Event: 6.167 GC heap after
{Heap after GC invocations=7 (full 0):
 garbage-first heap   total 61440K, used 18880K [0x0000000702200000, 0x0000000800000000)
  region size 2048K, 2 young (4096K), 2 survivors (4096K)
 Metaspace       used 33576K, committed 33984K, reserved 1114112K
  class space    used 4224K, committed 4416K, reserved 1048576K
}
Event: 23.987 GC heap before
{Heap before GC invocations=7 (full 0):
 garbage-first heap   total 61440K, used 33216K [0x0000000702200000, 0x0000000800000000)
  region size 2048K, 11 young (22528K), 2 survivors (4096K)
 Metaspace       used 35868K, committed 36288K, reserved 1114112K
  class space    used 4471K, committed 4672K, reserved 1048576K
}
Event: 23.992 GC heap after
{Heap after GC invocations=8 (full 0):
 garbage-first heap   total 61440K, used 20430K [0x0000000702200000, 0x0000000800000000)
  region size 2048K, 1 young (2048K), 1 survivors (2048K)
 Metaspace       used 35868K, committed 36288K, reserved 1114112K
  class space    used 4471K, committed 4672K, reserved 1048576K
}
Event: 24.160 GC heap before
{Heap before GC invocations=9 (full 0):
 garbage-first heap   total 61440K, used 40910K [0x0000000702200000, 0x0000000800000000)
  region size 2048K, 11 young (22528K), 1 survivors (2048K)
 Metaspace       used 37957K, committed 38400K, reserved 1114112K
  class space    used 4748K, committed 4928K, reserved 1048576K
}
Event: 24.162 GC heap after
{Heap after GC invocations=10 (full 0):
 garbage-first heap   total 61440K, used 21018K [0x0000000702200000, 0x0000000800000000)
  region size 2048K, 2 young (4096K), 2 survivors (4096K)
 Metaspace       used 37957K, committed 38400K, reserved 1114112K
  class space    used 4748K, committed 4928K, reserved 1048576K
}
Event: 24.164 GC heap before
{Heap before GC invocations=10 (full 0):
 garbage-first heap   total 61440K, used 23066K [0x0000000702200000, 0x0000000800000000)
  region size 2048K, 3 young (6144K), 2 survivors (4096K)
 Metaspace       used 37957K, committed 38400K, reserved 1114112K
  class space    used 4748K, committed 4928K, reserved 1048576K
}
Event: 24.168 GC heap after
{Heap after GC invocations=11 (full 0):
 garbage-first heap   total 61440K, used 20643K [0x0000000702200000, 0x0000000800000000)
  region size 2048K, 1 young (2048K), 1 survivors (2048K)
 Metaspace       used 37957K, committed 38400K, reserved 1114112K
  class space    used 4748K, committed 4928K, reserved 1048576K
}
Event: 24.183 GC heap before
{Heap before GC invocations=11 (full 0):
 garbage-first heap   total 61440K, used 43171K [0x0000000702200000, 0x0000000800000000)
  region size 2048K, 12 young (24576K), 1 survivors (2048K)
 Metaspace       used 37957K, committed 38400K, reserved 1114112K
  class space    used 4748K, committed 4928K, reserved 1048576K
}

