<?xml version="1.0" encoding="UTF-8"?>
<testng-results ignored="0" total="1" passed="1" failed="0" skipped="0">
  <reporter-output>
  </reporter-output>
  <suite started-at="2025-06-30T14:14:39 IST" name="Suite" finished-at="2025-06-30T14:15:14 IST" duration-ms="35620">
    <groups>
      <group name="cucumber">
        <method signature="AbstractTestNGCucumberTests.runScenario(io.cucumber.testng.PickleWrapper,io.cucumber.testng.FeatureWrapper)[pri:0, instance:com.Capium.TestRunFiles.Capium_Login_runfile@37883b97]" name="runScenario" class="io.cucumber.testng.AbstractTestNGCucumberTests"/>
      </group> <!-- cucumber -->
    </groups>
    <test started-at="2025-06-30T14:14:39 IST" name="Test" finished-at="2025-06-30T14:15:14 IST" duration-ms="35620">
      <class name="com.Capium.TestRunFiles.Capium_Login_runfile">
        <test-method is-config="true" signature="setUpClass(org.testng.ITestContext)[pri:0, instance:com.Capium.TestRunFiles.Capium_Login_runfile@37883b97]" started-at="2025-06-30T14:14:39 IST" name="setUpClass" finished-at="2025-06-30T14:14:42 IST" duration-ms="3718" status="PASS">
          <params>
            <param index="0">
              <value>
                <![CDATA[org.testng.TestRunner@19bf47fc]]>
              </value>
            </param>
          </params>
          <reporter-output>
          </reporter-output>
        </test-method> <!-- setUpClass -->
        <test-method signature="runScenario(io.cucumber.testng.PickleWrapper,io.cucumber.testng.FeatureWrapper)[pri:0, instance:com.Capium.TestRunFiles.Capium_Login_runfile@37883b97]" started-at="2025-06-30T14:14:42 IST" name="runScenario" description="Runs Cucumber Scenarios" data-provider="scenarios" finished-at="2025-06-30T14:15:03 IST" duration-ms="20969" status="PASS">
          <params>
            <param index="0">
              <value>
                <![CDATA["User login"]]>
              </value>
            </param>
            <param index="1">
              <value>
                <![CDATA["Login into Capium"]]>
              </value>
            </param>
          </params>
          <reporter-output>
          </reporter-output>
        </test-method> <!-- runScenario -->
        <test-method is-config="true" signature="tearDownClass()[pri:0, instance:com.Capium.TestRunFiles.Capium_Login_runfile@37883b97]" started-at="2025-06-30T14:15:03 IST" name="tearDownClass" finished-at="2025-06-30T14:15:14 IST" duration-ms="10886" status="PASS">
          <reporter-output>
          </reporter-output>
        </test-method> <!-- tearDownClass -->
      </class> <!-- com.Capium.TestRunFiles.Capium_Login_runfile -->
    </test> <!-- Test -->
  </suite> <!-- Suite -->
</testng-results>
